
[8AFB74B2-880A-11E9-A784-98FA9B2FBBF5] : log at : 2020/9/28|22:19:03|GMT+0800



[8AFB74B2-880A-11E9-A784-98FA9B2FBBF5] : log at : 2020/9/28|22:46:55|GMT+0800



[8AFB74B2-880A-11E9-A784-98FA9B2FBBF5] : log at : 2020/9/29|12:54:27|GMT+0800
[Hidden] : Failed to connect 'api.github.com/repos/github0null/ARM_Builder_V6/contents/ARM_Builder_V6'
Error: getaddrinfo ENOTFOUND api.github.com
	at GetAddrInfoReqWrap.onlookup [as oncomplete] (dns.js:60:26)



[8AFB74B2-880A-11E9-A784-98FA9B2FBBF5] : log at : 2020/9/29|13:20:38|GMT+0800
[Hidden] : Failed to connect 'api.github.com/repos/github0null/ARM_Builder_V6/contents/ARM_Builder_V6'
Error: getaddrinfo ENOTFOUND api.github.com
	at GetAddrInfoReqWrap.onlookup [as oncomplete] (dns.js:60:26)



[8AFB74B2-880A-11E9-A784-98FA9B2FBBF5] : log at : 2020/9/29|18:30:50|GMT+0800



[8AFB74B2-880A-11E9-A784-98FA9B2FBBF5] : log at : 2020/10/1|14:10:50|GMT+0800
[Hidden] : Failed to connect 'api.github.com/repos/github0null/ARM_Builder_V6/contents/ARM_Builder_V6'
Error: read ECONNRESET
	at TLSWrap.onStreamRead (internal/stream_base_commons.js:200:27)



[8AFB74B2-880A-11E9-A784-98FA9B2FBBF5] : log at : 2020/10/11|14:13:11|GMT+0800



[8AFB74B2-880A-11E9-A784-98FA9B2FBBF5] : log at : 2020/10/11|16:30:14|GMT+0800
[Hidden] : Failed to connect 'api.github.com/repos/github0null/ARM_Builder_V6/contents/ARM_Builder_V6'
Error: connect ECONNREFUSED 13.250.168.23:443
	at TCPConnectWrap.afterConnect [as oncomplete] (net.js:1134:16)



[8AFB74B2-880A-11E9-A784-98FA9B2FBBF5] : log at : 2020/10/11|17:33:03|GMT+0800



[8AFB74B2-880A-11E9-A784-98FA9B2FBBF5] : log at : 2020/10/13|12:42:05|GMT+0800
[Hidden] : Failed to connect 'api.github.com/repos/github0null/ARM_Builder_V6/contents/ARM_Builder_V6'
Error: getaddrinfo ENOTFOUND api.github.com
	at GetAddrInfoReqWrap.onlookup [as oncomplete] (dns.js:60:26)



[8AFB74B2-880A-11E9-A784-98FA9B2FBBF5] : log at : 2020/10/13|12:48:16|GMT+0800
[Hidden] : Failed to connect 'api.github.com/repos/github0null/ARM_Builder_V6/contents/ARM_Builder_V6'
Error: getaddrinfo ENOTFOUND api.github.com
	at GetAddrInfoReqWrap.onlookup [as oncomplete] (dns.js:60:26)



[8AFB74B2-880A-11E9-A784-98FA9B2FBBF5] : log at : 2020/10/13|12:59:54|GMT+0800



[8AFB74B2-880A-11E9-A784-98FA9B2FBBF5] : log at : 2020/10/13|13:04:22|GMT+0800



[8AFB74B2-880A-11E9-A784-98FA9B2FBBF5] : log at : 2020/10/13|18:07:49|GMT+0800



[8AFB74B2-880A-11E9-A784-98FA9B2FBBF5] : log at : 2020/10/14|22:29:34|GMT+0800

[8AFB74B2-880A-11E9-A784-98FA9B2FBBF5] : log at : 2020/10/15|10:30:05|GMT+0800



[8AFB74B2-880A-11E9-A784-98FA9B2FBBF5] : log at : 2020/10/15|10:35:00|GMT+0800



[8AFB74B2-880A-11E9-A784-98FA9B2FBBF5] : log at : 2020/10/15|19:42:09|GMT+0800



[8AFB74B2-880A-11E9-A784-98FA9B2FBBF5] : log at : 2020/10/15|19:55:04|GMT+0800



[8AFB74B2-880A-11E9-A784-98FA9B2FBBF5] : log at : 2020/10/15|19:58:53|GMT+0800



[8AFB74B2-880A-11E9-A784-98FA9B2FBBF5] : log at : 2020/10/15|19:59:05|GMT+0800



[8AFB74B2-880A-11E9-A784-98FA9B2FBBF5] : log at : 2020/10/22|19:06:07|GMT+0800



[8AFB74B2-880A-11E9-A784-98FA9B2FBBF5] : log at : 2020/10/26|10:39:12|GMT+0800



[8AFB74B2-880A-11E9-A784-98FA9B2FBBF5] : log at : 2020/10/26|10:45:35|GMT+0800



[8AFB74B2-880A-11E9-A784-98FA9B2FBBF5] : log at : 2020/10/26|12:03:25|GMT+0800



[8AFB74B2-880A-11E9-A784-98FA9B2FBBF5] : log at : 2020/10/26|12:03:49|GMT+0800



[8AFB74B2-880A-11E9-A784-98FA9B2FBBF5] : log at : 2020/10/26|12:05:50|GMT+0800



[8AFB74B2-880A-11E9-A784-98FA9B2FBBF5] : log at : 2020/10/26|18:48:09|GMT+0800



[8AFB74B2-880A-11E9-A784-98FA9B2FBBF5] : log at : 2020/10/27|13:02:25|GMT+0800



[8AFB74B2-880A-11E9-A784-98FA9B2FBBF5] : log at : 2020/10/27|22:29:16|GMT+0800
[Hidden] : Failed to connect 'api.github.com/repos/github0null/ARM_Builder_V6/contents/ARM_Builder_V6'
Error: connect ECONNREFUSED 13.250.168.23:443
	at TCPConnectWrap.afterConnect [as oncomplete] (net.js:1134:16)



[8AFB74B2-880A-11E9-A784-98FA9B2FBBF5] : log at : 2020/10/28|21:06:30|GMT+0800
[Hidden] : Failed to connect 'api.github.com/repos/github0null/ARM_Builder_V6/contents/ARM_Builder_V6'
Error: getaddrinfo ENOTFOUND api.github.com
	at GetAddrInfoReqWrap.onlookup [as oncomplete] (dns.js:60:26)

[8AFB74B2-880A-11E9-A784-98FA9B2FBBF5] : log at : 2020/10/28|21:46:02|GMT+0800

[8AFB74B2-880A-11E9-A784-98FA9B2FBBF5] : log at : 2020/10/30|23:48:26|GMT+0800



[8AFB74B2-880A-11E9-A784-98FA9B2FBBF5] : log at : 2020/11/2|21:26:18|GMT+0800



[8AFB74B2-880A-11E9-A784-98FA9B2FBBF5] : log at : 2020/11/2|23:58:03|GMT+0800



[8AFB74B2-880A-11E9-A784-98FA9B2FBBF5] : log at : 2020/11/3|00:07:00|GMT+0800



[8AFB74B2-880A-11E9-A784-98FA9B2FBBF5] : log at : 2020/11/3|01:28:04|GMT+0800



[8AFB74B2-880A-11E9-A784-98FA9B2FBBF5] : log at : 2020/11/3|22:57:27|GMT+0800
[Hidden] : Failed to connect 'api.github.com/repos/github0null/ARM_Builder_V6/contents/ARM_Builder_V6'
Error: connect ECONNREFUSED 13.250.168.23:443
	at TCPConnectWrap.afterConnect [as oncomplete] (net.js:1134:16)



[8AFB74B2-880A-11E9-A784-98FA9B2FBBF5] : log at : 2020/11/4|13:11:56|GMT+0800
[Hidden] : Failed to connect 'api.github.com/repos/github0null/ARM_Builder_V6/contents/ARM_Builder_V6'
Error: read ECONNRESET
	at TLSWrap.onStreamRead (internal/stream_base_commons.js:200:27)



[8AFB74B2-880A-11E9-A784-98FA9B2FBBF5] : log at : 2020/11/4|23:14:14|GMT+0800



[8AFB74B2-880A-11E9-A784-98FA9B2FBBF5] : log at : 2020/11/6|01:19:49|GMT+0800



[8AFB74B2-880A-11E9-A784-98FA9B2FBBF5] : log at : 2020/11/9|13:09:33|GMT+0800



[8AFB74B2-880A-11E9-A784-98FA9B2FBBF5] : log at : 2020/11/9|13:15:32|GMT+0800



[8AFB74B2-880A-11E9-A784-98FA9B2FBBF5] : log at : 2020/11/9|13:37:57|GMT+0800



[8AFB74B2-880A-11E9-A784-98FA9B2FBBF5] : log at : 2020/11/9|18:51:25|GMT+0800



[8AFB74B2-880A-11E9-A784-98FA9B2FBBF5] : log at : 2020/11/9|18:59:28|GMT+0800



[8AFB74B2-880A-11E9-A784-98FA9B2FBBF5] : log at : 2020/11/9|19:14:57|GMT+0800
