[2020-09-28 22:48:40]	compilation failed at : "c:\Users\weiyh\Desktop\SingleChip\STM32\LibrrayVer\SYSTEM\usart\usart.c", exit code: 1
   在 ARM_Builder_V6.Program.compileByMulThread(Int32 thrNum, CmdInfo[] cmds, List`1 doneList)
   在 ARM_Builder_V6.Program.Main(String[] args)

[2020-09-29 13:15:04]	compilation failed at : "c:\Users\weiyh\Desktop\SingleChip\STM32\LibrrayVer\HARDWARE\BEEP\BEEP.c", exit code: 1
   在 ARM_Builder_V6.Program.compileByMulThread(Int32 thrNum, CmdInfo[] cmds, List`1 doneList)
   在 ARM_Builder_V6.Program.Main(String[] args)

[2020-09-29 13:16:25]	link failed !, exit code: 1
   在 ARM_Builder_V6.Program.Main(String[] args)

[2020-09-30 01:23:52]	compilation failed at : "c:\Users\weiyh\Desktop\SingleChip\STM32\LibrrayVer\src\test.c", exit code: 1
   在 ARM_Builder_V6.Program.Main(String[] args)

[2020-10-14 22:52:39]	compilation failed at : "c:\Users\weiyh\Desktop\SingleChip\STM32\LibrrayVer\SYSTEM\sys\sys.c", exit code: 1
   在 ARM_Builder_V6.Program.compileByMulThread(Int32 thrNum, CmdInfo[] cmds, List`1 doneList)
   在 ARM_Builder_V6.Program.Main(String[] args)

[2020-10-14 22:55:29]	compilation failed at : "c:\Users\weiyh\Desktop\SingleChip\STM32\LibrrayVer\SYSTEM\sys\sys.c", exit code: 1
   在 ARM_Builder_V6.Program.Main(String[] args)

[2020-10-14 22:55:52]	link failed !, exit code: 1
   在 ARM_Builder_V6.Program.Main(String[] args)

[2020-10-14 23:02:02]	link failed !, exit code: 1
   在 ARM_Builder_V6.Program.Main(String[] args)

[2020-10-26 10:51:48]	compilation failed at : "c:\Users\weiyh\Desktop\SingleChip\STM32\LibrrayVer\HARDWARE\EXTI\EXTI.c", exit code: 1
   在 ARM_Builder_V6.Program.compileByMulThread(Int32 thrNum, CmdInfo[] cmds, List`1 doneList)
   在 ARM_Builder_V6.Program.Main(String[] args)

[2020-10-26 11:11:47]	link failed !, exit code: 1
   在 ARM_Builder_V6.Program.Main(String[] args)

[2020-10-26 11:12:09]	link failed !, exit code: 1
   在 ARM_Builder_V6.Program.Main(String[] args)

[2020-10-26 11:15:37]	link failed !, exit code: 1
   在 ARM_Builder_V6.Program.Main(String[] args)

[2020-10-26 12:06:34]	link failed !, exit code: 1
   在 ARM_Builder_V6.Program.Main(String[] args)

[2020-10-26 12:06:56]	link failed !, exit code: 1
   在 ARM_Builder_V6.Program.Main(String[] args)

[2020-10-26 12:07:49]	link failed !, exit code: 1
   在 ARM_Builder_V6.Program.Main(String[] args)

[2020-10-26 12:08:57]	link failed !, exit code: 1
   在 ARM_Builder_V6.Program.Main(String[] args)

[2020-10-26 12:09:33]	link failed !, exit code: 1
   在 ARM_Builder_V6.Program.Main(String[] args)

[2020-10-26 21:35:06]	link failed !, exit code: 1
   在 ARM_Builder_V6.Program.Main(String[] args)

[2020-10-26 23:23:29]	link failed !, exit code: 1
   在 ARM_Builder_V6.Program.Main(String[] args)

[2020-10-26 23:32:07]	link failed !, exit code: 1
   在 ARM_Builder_V6.Program.Main(String[] args)

[2020-10-27 18:31:44]	compilation failed at : "c:\Users\weiyh\Desktop\SingleChip\STM32\LibrrayVer\HARDWARE\SYSTEMTICK\systick.c", exit code: 1
   在 ARM_Builder_V6.Program.compileByMulThread(Int32 thrNum, CmdInfo[] cmds, List`1 doneList)
   在 ARM_Builder_V6.Program.Main(String[] args)

[2020-10-27 18:33:33]	compilation failed at : "c:\Users\weiyh\Desktop\SingleChip\STM32\LibrrayVer\src\SYSTICK.c", exit code: 1
   在 ARM_Builder_V6.Program.Main(String[] args)

[2020-10-28 00:07:55]	compilation failed at : "c:\Users\weiyh\Desktop\SingleChip\STM32\LibrrayVer\HARDWARE\SYSTICK\systick.c", exit code: 1
   在 ARM_Builder_V6.Program.Main(String[] args)

[2020-10-28 00:08:34]	compilation failed at : "c:\Users\weiyh\Desktop\SingleChip\STM32\LibrrayVer\HARDWARE\SYSTICK\systick.c", exit code: 1
   在 ARM_Builder_V6.Program.Main(String[] args)

[2020-10-29 20:19:42]	link failed !, exit code: 1
   在 ARM_Builder_V6.Program.Main(String[] args)

[2020-11-02 22:07:32]	compilation failed at : "c:\Users\weiyh\Desktop\SingleChip\STM32\LibrrayVer\src\UART.c", exit code: 1
   在 ARM_Builder_V6.Program.compileByMulThread(Int32 thrNum, CmdInfo[] cmds, List`1 doneList)
   在 ARM_Builder_V6.Program.Main(String[] args)

[2020-11-03 00:07:10]	compilation failed at : "c:\Users\weiyh\Desktop\SingleChip\STM32\LibrrayVer\HARDWARE\KEY\key.c", exit code: 1
   在 ARM_Builder_V6.Program.compileByMulThread(Int32 thrNum, CmdInfo[] cmds, List`1 doneList)
   在 ARM_Builder_V6.Program.Main(String[] args)

[2020-11-03 01:19:48]	link failed !, exit code: 1
   在 ARM_Builder_V6.Program.Main(String[] args)

[2020-11-03 01:20:07]	link failed !, exit code: 1
   在 ARM_Builder_V6.Program.Main(String[] args)

[2020-11-03 01:23:06]	link failed !, exit code: 1
   在 ARM_Builder_V6.Program.Main(String[] args)

[2020-11-03 01:23:22]	link failed !, exit code: 1
   在 ARM_Builder_V6.Program.Main(String[] args)

[2020-11-03 01:23:34]	link failed !, exit code: 1
   在 ARM_Builder_V6.Program.Main(String[] args)

[2020-11-03 01:26:36]	link failed !, exit code: 1
   在 ARM_Builder_V6.Program.Main(String[] args)

[2020-11-03 01:29:20]	link failed !, exit code: 1
   在 ARM_Builder_V6.Program.Main(String[] args)

[2020-11-03 01:31:02]	link failed !, exit code: 1
   在 ARM_Builder_V6.Program.Main(String[] args)

[2020-11-03 19:06:32]	compilation failed at : "c:\Users\weiyh\Desktop\SingleChip\STM32\LibrrayVer\src\UART.c", exit code: 1
   在 ARM_Builder_V6.Program.Main(String[] args)

[2020-11-03 22:22:14]	link failed !, exit code: 1
   在 ARM_Builder_V6.Program.Main(String[] args)

[2020-11-03 22:23:05]	link failed !, exit code: 1
   在 ARM_Builder_V6.Program.Main(String[] args)

[2020-11-04 21:25:41]	compilation failed at : "c:\Users\weiyh\Desktop\SingleChip\STM32\LibrrayVer\HARDWARE\UART\uart.c", exit code: 1
   在 ARM_Builder_V6.Program.Main(String[] args)

[2020-11-04 22:17:49]	link failed !, exit code: 1
   在 ARM_Builder_V6.Program.Main(String[] args)

[2020-11-04 22:36:40]	compilation failed at : "c:\Users\weiyh\Desktop\SingleChip\STM32\LibrrayVer\HARDWARE\UART\uart.c", exit code: 1
   在 ARM_Builder_V6.Program.Main(String[] args)

[2020-11-04 23:37:15]	compilation failed at : "c:\Users\weiyh\Desktop\SingleChip\STM32\LibrrayVer\src\UART.c", exit code: 1
   在 ARM_Builder_V6.Program.Main(String[] args)

[2020-11-05 12:45:58]	compilation failed at : "c:\Users\weiyh\Desktop\SingleChip\STM32\LibrrayVer\HARDWARE\EXTI\exti.c", exit code: 1
   在 ARM_Builder_V6.Program.Main(String[] args)

[2020-11-05 13:11:20]	link failed !, exit code: 1
   在 ARM_Builder_V6.Program.Main(String[] args)

[2020-11-05 13:12:19]	link failed !, exit code: 1
   在 ARM_Builder_V6.Program.Main(String[] args)

